2020-09-23T08:57:39+00:00 CRITICAL Uncaught Twig\Error\SyntaxError: Unknown "do_shortcode" function. Did you mean "shortcode"? in /var/www/web/wp-content/themes/custom_theme/templates/blocks/block_products_tabs.twig:26
Stack trace:
#0 /var/www/vendor/twig/twig/src/ExpressionParser.php(451): Twig\ExpressionParser->getFunctionNodeClass('do_shortcode', 26)
#1 /var/www/vendor/twig/twig/src/ExpressionParser.php(235): Twig\ExpressionParser->getFunctionNode('do_shortcode', 26)
#2 /var/www/vendor/twig/twig/src/ExpressionParser.php(175): Twig\ExpressionParser->parsePrimaryExpression()
#3 /var/www/vendor/twig/twig/src/ExpressionParser.php(70): Twig\ExpressionParser->getPrimary()
#4 /var/www/vendor/twig/twig/src/Parser.php(142): Twig\ExpressionParser->parseExpression()
#5 /var/www/vendor/twig/twig/src/Parser.php(98): Twig\Parser->subparse(NULL, false)
#6 /var/www/vendor/twig/twig/src/Environment.php(563): Twig\Parser->parse(Object(Twig\TokenStream))
#7 /var/www/vendor/twig/twig/src/Environment.php(595): Twig\Environment->parse(Object(Twig\TokenStream))
# in /var/www/web/wp-content/themes/custom_theme/templates/blocks/block_products_tabs.twig on line 26

2020-09-23T09:06:59+00:00 CRITICAL Uncaught Twig\Error\SyntaxError: A hash key must be a quoted string, a number, a name, or an expression enclosed in parentheses (unexpected token "punctuation" of value "{". in /var/www/web/wp-content/themes/custom_theme/templates/blocks/block_products_tabs.twig:33
Stack trace:
#0 /var/www/vendor/twig/twig/src/ExpressionParser.php(281): Twig\ExpressionParser->parseHashExpression()
#1 /var/www/vendor/twig/twig/src/ExpressionParser.php(175): Twig\ExpressionParser->parsePrimaryExpression()
#2 /var/www/vendor/twig/twig/src/ExpressionParser.php(70): Twig\ExpressionParser->getPrimary()
#3 /var/www/vendor/twig/twig/src/ExpressionParser.php(83): Twig\ExpressionParser->parseExpression(41)
#4 /var/www/vendor/twig/twig/src/ExpressionParser.php(598): Twig\ExpressionParser->parseExpression(0, false)
#5 /var/www/vendor/twig/twig/src/ExpressionParser.php(450): Twig\ExpressionParser->parseArguments(true)
#6 /var/www/vendor/twig/twig/src/ExpressionParser.php(235): Twig\ExpressionParser->getFunctionNode('fn', 33)
#7 /var/www/v in /var/www/web/wp-content/themes/custom_theme/templates/blocks/block_products_tabs.twig on line 33

