2020-09-05T19:29:20+00:00 CRITICAL syntax error, unexpected 'public' (T_PUBLIC), expecting end of file in /var/www/web/wp-content/plugins/ddv_store_system/ddv_store_system.php on line 21

2020-09-05T19:29:21+00:00 CRITICAL syntax error, unexpected 'public' (T_PUBLIC), expecting end of file in /var/www/web/wp-content/plugins/ddv_store_system/ddv_store_system.php on line 21

2020-09-05T19:29:21+00:00 CRITICAL syntax error, unexpected 'public' (T_PUBLIC), expecting end of file in /var/www/web/wp-content/plugins/ddv_store_system/ddv_store_system.php on line 21

2020-09-05T19:30:02+00:00 CRITICAL Uncaught Error: Using $this when not in object context in /var/www/web/wp-content/plugins/ddv_store_system/ddv_store_system.php:20
Stack trace:
#0 /var/www/web/wp/wp-admin/includes/plugin.php(668): include_once()
#1 /var/www/web/wp/wp-admin/plugins.php(58): activate_plugin('ddv_store_syste...', 'http://thucpham...', false)
#2 {main}
  thrown in /var/www/web/wp-content/plugins/ddv_store_system/ddv_store_system.php on line 20

2020-09-05T19:30:02+00:00 CRITICAL Uncaught Error: Using $this when not in object context in /var/www/web/wp-content/plugins/ddv_store_system/ddv_store_system.php:20
Stack trace:
#0 /var/www/web/wp/wp-admin/includes/plugin.php(2297): include()
#1 /var/www/web/wp/wp-admin/plugins.php(191): plugin_sandbox_scrape('ddv_store_syste...')
#2 {main}
  thrown in /var/www/web/wp-content/plugins/ddv_store_system/ddv_store_system.php on line 20

2020-09-05T19:30:03+00:00 CRITICAL Uncaught Error: Using $this when not in object context in /var/www/web/wp-content/plugins/ddv_store_system/ddv_store_system.php:20
Stack trace:
#0 /var/www/web/wp/wp-admin/includes/plugin.php(2297): include()
#1 /var/www/web/wp/wp-admin/plugins.php(191): plugin_sandbox_scrape('ddv_store_syste...')
#2 {main}
  thrown in /var/www/web/wp-content/plugins/ddv_store_system/ddv_store_system.php on line 20

