2020-09-02T03:27:46+00:00 CRITICAL Uncaught Twig\Error\SyntaxError: Unknown "_" function. Did you mean "__", "_e", "_n", "_x", "_ex", "_nx", "pll_e", "_n_noop", "wp_head", "_nx_noop", "wp_footer", "translate_nooped_plural"? in /var/www/web/wp-content/themes/custom_theme/templates/pages/archive.twig:44
Stack trace:
#0 /var/www/vendor/twig/twig/src/ExpressionParser.php(451): Twig\ExpressionParser->getFunctionNodeClass('_', 44)
#1 /var/www/vendor/twig/twig/src/ExpressionParser.php(235): Twig\ExpressionParser->getFunctionNode('_', 44)
#2 /var/www/vendor/twig/twig/src/ExpressionParser.php(175): Twig\ExpressionParser->parsePrimaryExpression()
#3 /var/www/vendor/twig/twig/src/ExpressionParser.php(70): Twig\ExpressionParser->getPrimary()
#4 /var/www/vendor/twig/twig/src/Parser.php(142): Twig\ExpressionParser->parseExpression()
#5 /var/www/vendor/twig/twig/src/TokenParser/BlockTokenParser.php(45): Twig\Parser->subparse(Array, true)
#6 /var/www/vendor/twig/twig/src/Parser.php(185): Twig\TokenParser\BlockTokenParser->parse(Object(Twig\Token))
#7 /var/www in /var/www/web/wp-content/themes/custom_theme/templates/pages/archive.twig on line 44

2020-09-02T03:31:33+00:00 CRITICAL Uncaught Twig\Error\RuntimeError: The merge filter only works with arrays or "Traversable", got "integer" as second argument. in /var/www/web/wp-content/themes/custom_theme/templates/pages/archive.twig:39
Stack trace:
#0 /var/www/vendor/twig/twig/src/Environment.php(418) : eval()'d code(145): twig_array_merge(Array, 17)
#1 /var/www/vendor/twig/twig/src/Template.php(182): __TwigTemplate_d19db7081abda99f3c244ba57caf76d586a54620d40b6bc6e9d17bda7e60d438->block_content(Array, Array)
#2 /var/www/vendor/twig/twig/src/Environment.php(418) : eval()'d code(112): Twig\Template->displayBlock('content', Array, Array)
#3 /var/www/vendor/twig/twig/src/Template.php(405): __TwigTemplate_104817764e808696953d577e19eb37f3e571354bd01e27c0ac1be2338d359d69->doDisplay(Array, Array)
#4 /var/www/vendor/twig/twig/src/Template.php(378): Twig\Template->displayWithErrorHandling(Array, Array)
#5 /var/www/vendor/twig/twig/src/Environment.php(418) : eval()'d code(46): Twig\Template->display(Array, Array)
#6 /var/www/vendor/twig/twig/src/Temp in /var/www/web/wp-content/themes/custom_theme/templates/pages/archive.twig on line 39

2020-09-02T03:31:41+00:00 CRITICAL Uncaught Twig\Error\SyntaxError: A hash key must be followed by a colon (:). Unexpected token "punctuation" of value "." ("punctuation" expected with value ":"). in /var/www/web/wp-content/themes/custom_theme/templates/pages/archive.twig:39
Stack trace:
#0 /var/www/vendor/twig/twig/src/ExpressionParser.php(379): Twig\TokenStream->expect(9, ':', 'A hash key must...')
#1 /var/www/vendor/twig/twig/src/ExpressionParser.php(281): Twig\ExpressionParser->parseHashExpression()
#2 /var/www/vendor/twig/twig/src/ExpressionParser.php(175): Twig\ExpressionParser->parsePrimaryExpression()
#3 /var/www/vendor/twig/twig/src/ExpressionParser.php(70): Twig\ExpressionParser->getPrimary()
#4 /var/www/vendor/twig/twig/src/ExpressionParser.php(598): Twig\ExpressionParser->parseExpression(0, true)
#5 /var/www/vendor/twig/twig/src/ExpressionParser.php(551): Twig\ExpressionParser->parseArguments(true, false, true)
#6 /var/www/vendor/twig/twig/src/ExpressionParser.php(539): Twig\ExpressionParser->parseFilterExpressionRaw(Object(Twig\No in /var/www/web/wp-content/themes/custom_theme/templates/pages/archive.twig on line 39

